<!DOCTYPE html PUBLIC "-//W3C//DTD XHTML 1.1//EN" "http://www.w3.org/TR/xhtml11/DTD/xhtml11.dtd">
<html xmlns="http://www.w3.org/1999/xhtml"><head><title>TestNG Report</title><style type="text/css">table {margin-bottom:10px;border-collapse:collapse;empty-cells:show}th,td {border:1px solid #009;padding:.25em .5em}th {vertical-align:bottom}td {vertical-align:top}table a {font-weight:bold}.stripe td {background-color: #E6EBF9}.num {text-align:right}.passedodd td {background-color: #3F3}.passedeven td {background-color: #0A0}.skippedodd td {background-color: #DDD}.skippedeven td {background-color: #CCC}.failedodd td,.attn {background-color: #F33}.failedeven td,.stripe .attn {background-color: #D00}.stacktrace {white-space:pre;font-family:monospace}.totop {font-size:85%;text-align:center;border-bottom:2px solid #000}</style></head><body><table><tr><th>Test</th><th># Passed</th><th># Skipped</th><th># Failed</th><th>Time (ms)</th><th>Included Groups</th><th>Excluded Groups</th></tr><tr><th colspan="7">Command line suite</th></tr><tr><td><a href="#t0">Command line test</a></td><td class="num">10</td><td class="num">0</td><td class="num attn">11</td><td class="num">159,996</td><td></td><td></td></tr></table><table><thead><tr><th>Class</th><th>Method</th><th>Start</th><th>Time (ms)</th></tr></thead><tbody><tr><th colspan="4">Command line suite</th></tr></tbody><tbody id="t0"><tr><th colspan="4">Command line test &#8212; failed</th></tr><tr class="failedeven"><td rowspan="1">io.platform.project.tests.CatalogPageTest</td><td><a href="#m0">testPageHeader</a></td><td rowspan="1">1559096622243</td><td rowspan="1">77</td></tr><tr class="failedodd"><td rowspan="6">io.platform.project.tests.ContactUsTest</td><td><a href="#m1">contactUsTest</a></td><td rowspan="6">1559096649216</td><td rowspan="6">597</td></tr><tr class="failedodd"><td><a href="#m2">contactUsTest</a></td></tr><tr class="failedodd"><td><a href="#m3">contactUsTest</a></td></tr><tr class="failedodd"><td><a href="#m4">contactUsTest</a></td></tr><tr class="failedodd"><td><a href="#m5">contactUsTest</a></td></tr><tr class="failedodd"><td><a href="#m6">contactUsTest</a></td></tr><tr class="failedeven"><td rowspan="1">io.platform.project.tests.CreateNewAccountTest</td><td><a href="#m7">test</a></td><td rowspan="1">1559096654198</td><td rowspan="1">7632</td></tr><tr class="failedodd"><td rowspan="1">io.platform.project.tests.FailureTest</td><td><a href="#m8">testLogOff</a></td><td rowspan="1">1559096665881</td><td rowspan="1">4101</td></tr><tr class="failedeven"><td rowspan="2">io.platform.project.tests.LoginTest</td><td><a href="#m9">testLogin</a></td><td rowspan="2">1559096738526</td><td rowspan="2">2772</td></tr><tr class="failedeven"><td><a href="#m10">testLogin</a></td></tr><tr><th colspan="4">Command line test &#8212; passed</th></tr><tr class="passedeven"><td rowspan="2">io.platform.project.tests.CatalogPageTest</td><td><a href="#m11">testGoToLoginPage</a></td><td rowspan="1">1559096619764</td><td rowspan="1">2239</td></tr><tr class="passedeven"><td><a href="#m12">testLoggedIn</a></td><td rowspan="1">1559096622004</td><td rowspan="1">239</td></tr><tr class="passedodd"><td rowspan="5">io.platform.project.tests.ForgotPasswordTest</td><td><a href="#m13">testForgotPasswordBackButton</a></td><td rowspan="1">1559096674561</td><td rowspan="1">4821</td></tr><tr class="passedodd"><td><a href="#m14">testForgotPasswordBadEmailAddress</a></td><td rowspan="1">1559096683321</td><td rowspan="1">4694</td></tr><tr class="passedodd"><td><a href="#m15">testForgotPasswordGoodEmailAddress</a></td><td rowspan="1">1559096692172</td><td rowspan="1">7109</td></tr><tr class="passedodd"><td><a href="#m16">testForgotPasswordGoodEmailAddressSecondRequest</a></td><td rowspan="1">1559096703676</td><td rowspan="1">5082</td></tr><tr class="passedodd"><td><a href="#m17">testForgotPasswordNoEmailAddress</a></td><td rowspan="1">1559096713344</td><td rowspan="1">4766</td></tr><tr class="passedeven"><td rowspan="1">io.platform.project.tests.LoginTest</td><td><a href="#m18">testLogin</a></td><td rowspan="1">1559096722230</td><td rowspan="1">5098</td></tr><tr class="passedodd"><td rowspan="1">io.platform.project.tests.PlaceAndConfirmOrderTest</td><td><a href="#m19">test</a></td><td rowspan="1">1559096745696</td><td rowspan="1">14956</td></tr><tr class="passedeven"><td rowspan="1">io.platform.project.tests.PrintSearchResultsTest</td><td><a href="#m20">printAllResultTitles</a></td><td rowspan="1">1559096764577</td><td rowspan="1">7675</td></tr></tbody></table><h2>Command line test</h2><h3 id="m0">io.platform.project.tests.CatalogPageTest#testPageHeader</h3><table class="result"><tr><th>Exception</th></tr><tr><td><div class="stacktrace">java.lang.AssertionError: expected [Welcome to iBusiness] but found [My Account Information]
	at io.platform.project.tests.CatalogPageTest.testPageHeader(CatalogPageTest.java:31)
... Removed 39 stack frames</div></td></tr></table><p class="totop"><a href="#summary">back to summary</a></p><h3 id="m1">io.platform.project.tests.ContactUsTest#contactUsTest</h3><table class="result"><tr class="param"><th>Parameter #1</th><th>Parameter #2</th><th>Parameter #3</th></tr><tr class="param stripe"><td>Lars Jonse</td><td>lars@test.com</td><td>Howdy!</td></tr><tr><th colspan="3">Exception</th></tr><tr><td colspan="3"><div class="stacktrace">java.lang.AssertionError: expected [Your enquiry has been successfully sent to the Store Owner.] but found [Full Name:
E-Mail Address:
Enquiry: Howdy!]
	at io.platform.project.tests.ContactUsTest.contactUsTest(ContactUsTest.java:39)
... Removed 39 stack frames</div></td></tr></table><p class="totop"><a href="#summary">back to summary</a></p><h3 id="m2">io.platform.project.tests.ContactUsTest#contactUsTest</h3><table class="result"><tr class="param"><th>Parameter #1</th><th>Parameter #2</th><th>Parameter #3</th></tr><tr class="param stripe"><td>Lars Jones</td><td></td><td>Howdy!</td></tr><tr><th colspan="3">Exception</th></tr><tr><td colspan="3"><div class="stacktrace">java.lang.RuntimeException: Malformed email address
	at io.platform.project.pageObjects.ContactUsPage.fillInEmailTextBox(ContactUsPage.java:58)
	at io.platform.project.tests.ContactUsTest.contactUsTest(ContactUsTest.java:36)
... Removed 34 stack frames</div></td></tr></table><p class="totop"><a href="#summary">back to summary</a></p><h3 id="m3">io.platform.project.tests.ContactUsTest#contactUsTest</h3><table class="result"><tr class="param"><th>Parameter #1</th><th>Parameter #2</th><th>Parameter #3</th></tr><tr class="param stripe"><td>Lars Jones</td><td>lars@test</td><td>Howdy!</td></tr><tr><th colspan="3">Exception</th></tr><tr><td colspan="3"><div class="stacktrace">java.lang.RuntimeException: Malformed email address
	at io.platform.project.pageObjects.ContactUsPage.fillInEmailTextBox(ContactUsPage.java:58)
	at io.platform.project.tests.ContactUsTest.contactUsTest(ContactUsTest.java:36)
... Removed 34 stack frames</div></td></tr></table><p class="totop"><a href="#summary">back to summary</a></p><h3 id="m4">io.platform.project.tests.ContactUsTest#contactUsTest</h3><table class="result"><tr class="param"><th>Parameter #1</th><th>Parameter #2</th><th>Parameter #3</th></tr><tr class="param stripe"><td></td><td></td><td>Howdy!</td></tr><tr><th colspan="3">Exception</th></tr><tr><td colspan="3"><div class="stacktrace">java.lang.RuntimeException: Malformed email address
	at io.platform.project.pageObjects.ContactUsPage.fillInEmailTextBox(ContactUsPage.java:58)
	at io.platform.project.tests.ContactUsTest.contactUsTest(ContactUsTest.java:36)
... Removed 34 stack frames</div></td></tr></table><p class="totop"><a href="#summary">back to summary</a></p><h3 id="m5">io.platform.project.tests.ContactUsTest#contactUsTest</h3><table class="result"><tr class="param"><th>Parameter #1</th><th>Parameter #2</th><th>Parameter #3</th></tr><tr class="param stripe"><td></td><td>lars@test.com</td><td>Howdy!</td></tr><tr><th colspan="3">Exception</th></tr><tr><td colspan="3"><div class="stacktrace">java.lang.AssertionError: expected [Your enquiry has been successfully sent to the Store Owner.] but found [Full Name:
E-Mail Address:
Enquiry: Howdy!]
	at io.platform.project.tests.ContactUsTest.contactUsTest(ContactUsTest.java:39)
... Removed 39 stack frames</div></td></tr></table><p class="totop"><a href="#summary">back to summary</a></p><h3 id="m6">io.platform.project.tests.ContactUsTest#contactUsTest</h3><table class="result"><tr class="param"><th>Parameter #1</th><th>Parameter #2</th><th>Parameter #3</th></tr><tr class="param stripe"><td>Lars Jones</td><td>@gmail.com</td><td>Howdy!</td></tr><tr><th colspan="3">Exception</th></tr><tr><td colspan="3"><div class="stacktrace">java.lang.RuntimeException: Malformed email address
	at io.platform.project.pageObjects.ContactUsPage.fillInEmailTextBox(ContactUsPage.java:58)
	at io.platform.project.tests.ContactUsTest.contactUsTest(ContactUsTest.java:36)
... Removed 34 stack frames</div></td></tr></table><p class="totop"><a href="#summary">back to summary</a></p><h3 id="m7">io.platform.project.tests.CreateNewAccountTest#test</h3><table class="result"><tr><th>Exception</th></tr><tr><td><div class="stacktrace">java.lang.AssertionError: expected [Your Account Has Been Created!] but found [My Account Information]
	at io.platform.project.tests.CreateNewAccountTest.test(CreateNewAccountTest.java:57)
... Removed 39 stack frames</div></td></tr></table><p class="totop"><a href="#summary">back to summary</a></p><h3 id="m8">io.platform.project.tests.FailureTest#testLogOff</h3><table class="result"><tr><th>Exception</th></tr><tr><td><div class="stacktrace">java.lang.RuntimeException: Element cannot be found
	at io.platform.project.commons.Common.clickElement(Common.java:57)
	at io.platform.project.pageObjects.CatalogPage.clickLogOffButton(CatalogPage.java:132)
	at io.platform.project.tests.FailureTest.testLogOff(FailureTest.java:32)
... Removed 34 stack frames</div></td></tr></table><p class="totop"><a href="#summary">back to summary</a></p><h3 id="m9">io.platform.project.tests.LoginTest#testLogin</h3><table class="result"><tr class="param"><th>Parameter #1</th><th>Parameter #2</th></tr><tr class="param stripe"><td>lars@test.com</td><td>incorrect</td></tr><tr><th colspan="2">Exception</th></tr><tr><td colspan="2"><div class="stacktrace">java.lang.AssertionError: expected [Welcome to iBusiness] but found [Welcome, Please Sign In]
	at io.platform.project.tests.LoginTest.testLogin(LoginTest.java:41)
... Removed 39 stack frames</div></td></tr></table><p class="totop"><a href="#summary">back to summary</a></p><h3 id="m10">io.platform.project.tests.LoginTest#testLogin</h3><table class="result"><tr class="param"><th>Parameter #1</th><th>Parameter #2</th></tr><tr class="param stripe"><td></td><td></td></tr><tr><th colspan="2">Exception</th></tr><tr><td colspan="2"><div class="stacktrace">java.lang.AssertionError: expected [Welcome to iBusiness] but found [Welcome, Please Sign In]
	at io.platform.project.tests.LoginTest.testLogin(LoginTest.java:41)
... Removed 39 stack frames</div></td></tr></table><p class="totop"><a href="#summary">back to summary</a></p><h3 id="m11">io.platform.project.tests.CatalogPageTest#testGoToLoginPage</h3><table class="result"></table><p class="totop"><a href="#summary">back to summary</a></p><h3 id="m12">io.platform.project.tests.CatalogPageTest#testLoggedIn</h3><table class="result"></table><p class="totop"><a href="#summary">back to summary</a></p><h3 id="m13">io.platform.project.tests.ForgotPasswordTest#testForgotPasswordBackButton</h3><table class="result"></table><p class="totop"><a href="#summary">back to summary</a></p><h3 id="m14">io.platform.project.tests.ForgotPasswordTest#testForgotPasswordBadEmailAddress</h3><table class="result"></table><p class="totop"><a href="#summary">back to summary</a></p><h3 id="m15">io.platform.project.tests.ForgotPasswordTest#testForgotPasswordGoodEmailAddress</h3><table class="result"></table><p class="totop"><a href="#summary">back to summary</a></p><h3 id="m16">io.platform.project.tests.ForgotPasswordTest#testForgotPasswordGoodEmailAddressSecondRequest</h3><table class="result"></table><p class="totop"><a href="#summary">back to summary</a></p><h3 id="m17">io.platform.project.tests.ForgotPasswordTest#testForgotPasswordNoEmailAddress</h3><table class="result"></table><p class="totop"><a href="#summary">back to summary</a></p><h3 id="m18">io.platform.project.tests.LoginTest#testLogin</h3><table class="result"><tr class="param"><th>Parameter #1</th><th>Parameter #2</th></tr><tr class="param stripe"><td>lars@test.com</td><td>password</td></tr></table><p class="totop"><a href="#summary">back to summary</a></p><h3 id="m19">io.platform.project.tests.PlaceAndConfirmOrderTest#test</h3><table class="result"></table><p class="totop"><a href="#summary">back to summary</a></p><h3 id="m20">io.platform.project.tests.PrintSearchResultsTest#printAllResultTitles</h3><table class="result"></table><p class="totop"><a href="#summary">back to summary</a></p></body></html>