<!DOCTYPE html>

<html>
  <head>
  <title>TestNG reports</title>

    <link type="text/css" href="testng-reports.css" rel="stylesheet" />  
    <script type="text/javascript" src="jquery-1.7.1.min.js"></script>
    <script type="text/javascript" src="testng-reports.js"></script>
    <script type="text/javascript" src="https://www.google.com/jsapi"></script>
    <script type='text/javascript'>
      google.load('visualization', '1', {packages:['table']});
      google.setOnLoadCallback(drawTable);
      var suiteTableInitFunctions = new Array();
      var suiteTableData = new Array();
    </script>
    <!--
      <script type="text/javascript" src="jquery-ui/js/jquery-ui-1.8.16.custom.min.js"></script>
     -->
  </head>

  <body>
    <div class="top-banner-root">
      <span class="top-banner-title-font">Test results</span>
      <br/>
      <span class="top-banner-font-1">1 suite, 11 failed tests</span>
    </div> <!-- top-banner-root -->
    <div class="navigator-root">
      <div class="navigator-suite-header">
        <span>All suites</span>
        <a href="#" title="Collapse/expand all the suites" class="collapse-all-link">
          <img src="collapseall.gif" class="collapse-all-icon">
          </img> <!-- collapse-all-icon -->
        </a> <!-- collapse-all-link -->
      </div> <!-- navigator-suite-header -->
      <div class="suite">
        <div class="rounded-window">
          <div class="suite-header light-rounded-window-top">
            <a href="#" panel-name="suite-Command_line_suite" class="navigator-link">
              <span class="suite-name border-failed">Command line suite</span>
            </a> <!-- navigator-link -->
          </div> <!-- suite-header light-rounded-window-top -->
          <div class="navigator-suite-content">
            <div class="suite-section-title">
              <span>Info</span>
            </div> <!-- suite-section-title -->
            <div class="suite-section-content">
              <ul>
                <li>
                  <a href="#" panel-name="test-xml-Command_line_suite" class="navigator-link ">
                    <span>[unset file name]</span>
                  </a> <!-- navigator-link  -->
                </li>
                <li>
                  <a href="#" panel-name="testlist-Command_line_suite" class="navigator-link ">
                    <span class="test-stats">1 test</span>
                  </a> <!-- navigator-link  -->
                </li>
                <li>
                  <a href="#" panel-name="group-Command_line_suite" class="navigator-link ">
                    <span>0 groups</span>
                  </a> <!-- navigator-link  -->
                </li>
                <li>
                  <a href="#" panel-name="times-Command_line_suite" class="navigator-link ">
                    <span>Times</span>
                  </a> <!-- navigator-link  -->
                </li>
                <li>
                  <a href="#" panel-name="reporter-Command_line_suite" class="navigator-link ">
                    <span>Reporter output</span>
                  </a> <!-- navigator-link  -->
                </li>
                <li>
                  <a href="#" panel-name="ignored-methods-Command_line_suite" class="navigator-link ">
                    <span>Ignored methods</span>
                  </a> <!-- navigator-link  -->
                </li>
                <li>
                  <a href="#" panel-name="chronological-Command_line_suite" class="navigator-link ">
                    <span>Chronological view</span>
                  </a> <!-- navigator-link  -->
                </li>
              </ul>
            </div> <!-- suite-section-content -->
            <div class="result-section">
              <div class="suite-section-title">
                <span>Results</span>
              </div> <!-- suite-section-title -->
              <div class="suite-section-content">
                <ul>
                  <li>
                    <span class="method-stats">21 methods, 11 failed,   10 passed</span>
                  </li>
                  <li>
                    <span class="method-list-title failed">Failed methods</span>
                    <span class="show-or-hide-methods failed">
                      <a href="#" panel-name="suite-Command_line_suite" class="hide-methods failed suite-Command_line_suite"> (hide)</a> <!-- hide-methods failed suite-Command_line_suite -->
                      <a href="#" panel-name="suite-Command_line_suite" class="show-methods failed suite-Command_line_suite"> (show)</a> <!-- show-methods failed suite-Command_line_suite -->
                    </span>
                    <div class="method-list-content failed suite-Command_line_suite">
                      <span>
                        <img src="failed.png" width="3%"/>
                        <a href="#" panel-name="suite-Command_line_suite" title="io.platform.project.tests.ContactUsTest" class="method navigator-link" hash-for-method="contactUsTest(Lars Jonse, lars@test.com, Howdy!)">contactUsTest(Lars Jonse, lars@test.com, Howdy!)</a> <!-- method navigator-link -->
                      </span>
                      <br/>
                      <span>
                        <img src="failed.png" width="3%"/>
                        <a href="#" panel-name="suite-Command_line_suite" title="io.platform.project.tests.ContactUsTest" class="method navigator-link" hash-for-method="contactUsTest(Lars Jones, , Howdy!)">contactUsTest(Lars Jones, , Howdy!)</a> <!-- method navigator-link -->
                      </span>
                      <br/>
                      <span>
                        <img src="failed.png" width="3%"/>
                        <a href="#" panel-name="suite-Command_line_suite" title="io.platform.project.tests.ContactUsTest" class="method navigator-link" hash-for-method="contactUsTest(Lars Jones, lars@test, Howdy!)">contactUsTest(Lars Jones, lars@test, Howdy!)</a> <!-- method navigator-link -->
                      </span>
                      <br/>
                      <span>
                        <img src="failed.png" width="3%"/>
                        <a href="#" panel-name="suite-Command_line_suite" title="io.platform.project.tests.ContactUsTest" class="method navigator-link" hash-for-method="contactUsTest(, , Howdy!)">contactUsTest(, , Howdy!)</a> <!-- method navigator-link -->
                      </span>
                      <br/>
                      <span>
                        <img src="failed.png" width="3%"/>
                        <a href="#" panel-name="suite-Command_line_suite" title="io.platform.project.tests.ContactUsTest" class="method navigator-link" hash-for-method="contactUsTest(, lars@test.com, Howdy!)">contactUsTest(, lars@test.com, Howdy!)</a> <!-- method navigator-link -->
                      </span>
                      <br/>
                      <span>
                        <img src="failed.png" width="3%"/>
                        <a href="#" panel-name="suite-Command_line_suite" title="io.platform.project.tests.ContactUsTest" class="method navigator-link" hash-for-method="contactUsTest(Lars Jones, @gmail.com, Howdy!)">contactUsTest(Lars Jones, @gmail.com, Howdy!)</a> <!-- method navigator-link -->
                      </span>
                      <br/>
                      <span>
                        <img src="failed.png" width="3%"/>
                        <a href="#" panel-name="suite-Command_line_suite" title="io.platform.project.tests.CreateNewAccountTest" class="method navigator-link" hash-for-method="test">test</a> <!-- method navigator-link -->
                      </span>
                      <br/>
                      <span>
                        <img src="failed.png" width="3%"/>
                        <a href="#" panel-name="suite-Command_line_suite" title="io.platform.project.tests.FailureTest" class="method navigator-link" hash-for-method="testLogOff">testLogOff</a> <!-- method navigator-link -->
                      </span>
                      <br/>
                      <span>
                        <img src="failed.png" width="3%"/>
                        <a href="#" panel-name="suite-Command_line_suite" title="io.platform.project.tests.LoginTest" class="method navigator-link" hash-for-method="testLogin(lars@test.com, incorrect)">testLogin(lars@test.com, incorrect)</a> <!-- method navigator-link -->
                      </span>
                      <br/>
                      <span>
                        <img src="failed.png" width="3%"/>
                        <a href="#" panel-name="suite-Command_line_suite" title="io.platform.project.tests.LoginTest" class="method navigator-link" hash-for-method="testLogin(, )">testLogin(, )</a> <!-- method navigator-link -->
                      </span>
                      <br/>
                      <span>
                        <img src="failed.png" width="3%"/>
                        <a href="#" panel-name="suite-Command_line_suite" title="io.platform.project.tests.CatalogPageTest" class="method navigator-link" hash-for-method="testPageHeader">testPageHeader</a> <!-- method navigator-link -->
                      </span>
                      <br/>
                    </div> <!-- method-list-content failed suite-Command_line_suite -->
                  </li>
                  <li>
                    <span class="method-list-title passed">Passed methods</span>
                    <span class="show-or-hide-methods passed">
                      <a href="#" panel-name="suite-Command_line_suite" class="hide-methods passed suite-Command_line_suite"> (hide)</a> <!-- hide-methods passed suite-Command_line_suite -->
                      <a href="#" panel-name="suite-Command_line_suite" class="show-methods passed suite-Command_line_suite"> (show)</a> <!-- show-methods passed suite-Command_line_suite -->
                    </span>
                    <div class="method-list-content passed suite-Command_line_suite">
                      <span>
                        <img src="passed.png" width="3%"/>
                        <a href="#" panel-name="suite-Command_line_suite" title="io.platform.project.tests.PrintSearchResultsTest" class="method navigator-link" hash-for-method="printAllResultTitles">printAllResultTitles</a> <!-- method navigator-link -->
                      </span>
                      <br/>
                      <span>
                        <img src="passed.png" width="3%"/>
                        <a href="#" panel-name="suite-Command_line_suite" title="io.platform.project.tests.PlaceAndConfirmOrderTest" class="method navigator-link" hash-for-method="test">test</a> <!-- method navigator-link -->
                      </span>
                      <br/>
                      <span>
                        <img src="passed.png" width="3%"/>
                        <a href="#" panel-name="suite-Command_line_suite" title="io.platform.project.tests.ForgotPasswordTest" class="method navigator-link" hash-for-method="testForgotPasswordBackButton">testForgotPasswordBackButton</a> <!-- method navigator-link -->
                      </span>
                      <br/>
                      <span>
                        <img src="passed.png" width="3%"/>
                        <a href="#" panel-name="suite-Command_line_suite" title="io.platform.project.tests.ForgotPasswordTest" class="method navigator-link" hash-for-method="testForgotPasswordBadEmailAddress">testForgotPasswordBadEmailAddress</a> <!-- method navigator-link -->
                      </span>
                      <br/>
                      <span>
                        <img src="passed.png" width="3%"/>
                        <a href="#" panel-name="suite-Command_line_suite" title="io.platform.project.tests.ForgotPasswordTest" class="method navigator-link" hash-for-method="testForgotPasswordGoodEmailAddress">testForgotPasswordGoodEmailAddress</a> <!-- method navigator-link -->
                      </span>
                      <br/>
                      <span>
                        <img src="passed.png" width="3%"/>
                        <a href="#" panel-name="suite-Command_line_suite" title="io.platform.project.tests.ForgotPasswordTest" class="method navigator-link" hash-for-method="testForgotPasswordGoodEmailAddressSecondRequest">testForgotPasswordGoodEmailAddressSecondRequest</a> <!-- method navigator-link -->
                      </span>
                      <br/>
                      <span>
                        <img src="passed.png" width="3%"/>
                        <a href="#" panel-name="suite-Command_line_suite" title="io.platform.project.tests.ForgotPasswordTest" class="method navigator-link" hash-for-method="testForgotPasswordNoEmailAddress">testForgotPasswordNoEmailAddress</a> <!-- method navigator-link -->
                      </span>
                      <br/>
                      <span>
                        <img src="passed.png" width="3%"/>
                        <a href="#" panel-name="suite-Command_line_suite" title="io.platform.project.tests.CatalogPageTest" class="method navigator-link" hash-for-method="testGoToLoginPage">testGoToLoginPage</a> <!-- method navigator-link -->
                      </span>
                      <br/>
                      <span>
                        <img src="passed.png" width="3%"/>
                        <a href="#" panel-name="suite-Command_line_suite" title="io.platform.project.tests.CatalogPageTest" class="method navigator-link" hash-for-method="testLoggedIn">testLoggedIn</a> <!-- method navigator-link -->
                      </span>
                      <br/>
                      <span>
                        <img src="passed.png" width="3%"/>
                        <a href="#" panel-name="suite-Command_line_suite" title="io.platform.project.tests.LoginTest" class="method navigator-link" hash-for-method="testLogin(lars@test.com, password)">testLogin(lars@test.com, password)</a> <!-- method navigator-link -->
                      </span>
                      <br/>
                    </div> <!-- method-list-content passed suite-Command_line_suite -->
                  </li>
                </ul>
              </div> <!-- suite-section-content -->
            </div> <!-- result-section -->
          </div> <!-- navigator-suite-content -->
        </div> <!-- rounded-window -->
      </div> <!-- suite -->
    </div> <!-- navigator-root -->
    <div class="wrapper">
      <div class="main-panel-root">
        <div panel-name="suite-Command_line_suite" class="panel Command_line_suite">
          <div class="suite-Command_line_suite-class-failed">
            <div class="main-panel-header rounded-window-top">
              <img src="failed.png"/>
              <span class="class-name">io.platform.project.tests.FailureTest</span>
            </div> <!-- main-panel-header rounded-window-top -->
            <div class="main-panel-content rounded-window-bottom">
              <div class="method">
                <div class="method-content">
                  <a name="testLogOff">
                  </a> <!-- testLogOff -->
                  <span class="method-name">testLogOff</span>
                  <div class="stack-trace">java.lang.RuntimeException: Element cannot be found
	at io.platform.project.commons.Common.clickElement(Common.java:57)
	at io.platform.project.pageObjects.CatalogPage.clickLogOffButton(CatalogPage.java:132)
	at io.platform.project.tests.FailureTest.testLogOff(FailureTest.java:32)
... Removed 34 stack frames
</div> <!-- stack-trace -->
                </div> <!-- method-content -->
              </div> <!-- method -->
            </div> <!-- main-panel-content rounded-window-bottom -->
          </div> <!-- suite-Command_line_suite-class-failed -->
          <div class="suite-Command_line_suite-class-failed">
            <div class="main-panel-header rounded-window-top">
              <img src="failed.png"/>
              <span class="class-name">io.platform.project.tests.CreateNewAccountTest</span>
            </div> <!-- main-panel-header rounded-window-top -->
            <div class="main-panel-content rounded-window-bottom">
              <div class="method">
                <div class="method-content">
                  <a name="test">
                  </a> <!-- test -->
                  <span class="method-name">test</span>
                  <div class="stack-trace">java.lang.AssertionError: expected [Your Account Has Been Created!] but found [My Account Information]
	at io.platform.project.tests.CreateNewAccountTest.test(CreateNewAccountTest.java:57)
... Removed 39 stack frames
</div> <!-- stack-trace -->
                </div> <!-- method-content -->
              </div> <!-- method -->
            </div> <!-- main-panel-content rounded-window-bottom -->
          </div> <!-- suite-Command_line_suite-class-failed -->
          <div class="suite-Command_line_suite-class-failed">
            <div class="main-panel-header rounded-window-top">
              <img src="failed.png"/>
              <span class="class-name">io.platform.project.tests.ContactUsTest</span>
            </div> <!-- main-panel-header rounded-window-top -->
            <div class="main-panel-content rounded-window-bottom">
              <div class="method">
                <div class="method-content">
                  <a name="contactUsTest(Lars Jonse, lars@test.com, Howdy!)">
                  </a> <!-- contactUsTest(Lars Jonse, lars@test.com, Howdy!) -->
                  <span class="method-name">contactUsTest</span>
                  <span class="parameters">(Lars Jonse, lars@test.com, Howdy!)</span>
                  <div class="stack-trace">java.lang.AssertionError: expected [Your enquiry has been successfully sent to the Store Owner.] but found [Full Name:
E-Mail Address:
Enquiry: Howdy!]
	at io.platform.project.tests.ContactUsTest.contactUsTest(ContactUsTest.java:39)
... Removed 39 stack frames
</div> <!-- stack-trace -->
                </div> <!-- method-content -->
              </div> <!-- method -->
              <div class="method">
                <div class="method-content">
                  <a name="contactUsTest(Lars Jones, , Howdy!)">
                  </a> <!-- contactUsTest(Lars Jones, , Howdy!) -->
                  <span class="method-name">contactUsTest</span>
                  <span class="parameters">(Lars Jones, , Howdy!)</span>
                  <div class="stack-trace">java.lang.RuntimeException: Malformed email address
	at io.platform.project.pageObjects.ContactUsPage.fillInEmailTextBox(ContactUsPage.java:58)
	at io.platform.project.tests.ContactUsTest.contactUsTest(ContactUsTest.java:36)
... Removed 34 stack frames
</div> <!-- stack-trace -->
                </div> <!-- method-content -->
              </div> <!-- method -->
              <div class="method">
                <div class="method-content">
                  <a name="contactUsTest(Lars Jones, lars@test, Howdy!)">
                  </a> <!-- contactUsTest(Lars Jones, lars@test, Howdy!) -->
                  <span class="method-name">contactUsTest</span>
                  <span class="parameters">(Lars Jones, lars@test, Howdy!)</span>
                  <div class="stack-trace">java.lang.RuntimeException: Malformed email address
	at io.platform.project.pageObjects.ContactUsPage.fillInEmailTextBox(ContactUsPage.java:58)
	at io.platform.project.tests.ContactUsTest.contactUsTest(ContactUsTest.java:36)
... Removed 34 stack frames
</div> <!-- stack-trace -->
                </div> <!-- method-content -->
              </div> <!-- method -->
              <div class="method">
                <div class="method-content">
                  <a name="contactUsTest(, , Howdy!)">
                  </a> <!-- contactUsTest(, , Howdy!) -->
                  <span class="method-name">contactUsTest</span>
                  <span class="parameters">(, , Howdy!)</span>
                  <div class="stack-trace">java.lang.RuntimeException: Malformed email address
	at io.platform.project.pageObjects.ContactUsPage.fillInEmailTextBox(ContactUsPage.java:58)
	at io.platform.project.tests.ContactUsTest.contactUsTest(ContactUsTest.java:36)
... Removed 34 stack frames
</div> <!-- stack-trace -->
                </div> <!-- method-content -->
              </div> <!-- method -->
              <div class="method">
                <div class="method-content">
                  <a name="contactUsTest(, lars@test.com, Howdy!)">
                  </a> <!-- contactUsTest(, lars@test.com, Howdy!) -->
                  <span class="method-name">contactUsTest</span>
                  <span class="parameters">(, lars@test.com, Howdy!)</span>
                  <div class="stack-trace">java.lang.AssertionError: expected [Your enquiry has been successfully sent to the Store Owner.] but found [Full Name:
E-Mail Address:
Enquiry: Howdy!]
	at io.platform.project.tests.ContactUsTest.contactUsTest(ContactUsTest.java:39)
... Removed 39 stack frames
</div> <!-- stack-trace -->
                </div> <!-- method-content -->
              </div> <!-- method -->
              <div class="method">
                <div class="method-content">
                  <a name="contactUsTest(Lars Jones, @gmail.com, Howdy!)">
                  </a> <!-- contactUsTest(Lars Jones, @gmail.com, Howdy!) -->
                  <span class="method-name">contactUsTest</span>
                  <span class="parameters">(Lars Jones, @gmail.com, Howdy!)</span>
                  <div class="stack-trace">java.lang.RuntimeException: Malformed email address
	at io.platform.project.pageObjects.ContactUsPage.fillInEmailTextBox(ContactUsPage.java:58)
	at io.platform.project.tests.ContactUsTest.contactUsTest(ContactUsTest.java:36)
... Removed 34 stack frames
</div> <!-- stack-trace -->
                </div> <!-- method-content -->
              </div> <!-- method -->
            </div> <!-- main-panel-content rounded-window-bottom -->
          </div> <!-- suite-Command_line_suite-class-failed -->
          <div class="suite-Command_line_suite-class-failed">
            <div class="main-panel-header rounded-window-top">
              <img src="failed.png"/>
              <span class="class-name">io.platform.project.tests.LoginTest</span>
            </div> <!-- main-panel-header rounded-window-top -->
            <div class="main-panel-content rounded-window-bottom">
              <div class="method">
                <div class="method-content">
                  <a name="testLogin(lars@test.com, incorrect)">
                  </a> <!-- testLogin(lars@test.com, incorrect) -->
                  <span class="method-name">testLogin</span>
                  <span class="parameters">(lars@test.com, incorrect)</span>
                  <div class="stack-trace">java.lang.AssertionError: expected [Welcome to iBusiness] but found [Welcome, Please Sign In]
	at io.platform.project.tests.LoginTest.testLogin(LoginTest.java:41)
... Removed 39 stack frames
</div> <!-- stack-trace -->
                </div> <!-- method-content -->
              </div> <!-- method -->
              <div class="method">
                <div class="method-content">
                  <a name="testLogin(, )">
                  </a> <!-- testLogin(, ) -->
                  <span class="method-name">testLogin</span>
                  <span class="parameters">(, )</span>
                  <div class="stack-trace">java.lang.AssertionError: expected [Welcome to iBusiness] but found [Welcome, Please Sign In]
	at io.platform.project.tests.LoginTest.testLogin(LoginTest.java:41)
... Removed 39 stack frames
</div> <!-- stack-trace -->
                </div> <!-- method-content -->
              </div> <!-- method -->
            </div> <!-- main-panel-content rounded-window-bottom -->
          </div> <!-- suite-Command_line_suite-class-failed -->
          <div class="suite-Command_line_suite-class-failed">
            <div class="main-panel-header rounded-window-top">
              <img src="failed.png"/>
              <span class="class-name">io.platform.project.tests.CatalogPageTest</span>
            </div> <!-- main-panel-header rounded-window-top -->
            <div class="main-panel-content rounded-window-bottom">
              <div class="method">
                <div class="method-content">
                  <a name="testPageHeader">
                  </a> <!-- testPageHeader -->
                  <span class="method-name">testPageHeader</span>
                  <div class="stack-trace">java.lang.AssertionError: expected [Welcome to iBusiness] but found [My Account Information]
	at io.platform.project.tests.CatalogPageTest.testPageHeader(CatalogPageTest.java:31)
... Removed 39 stack frames
</div> <!-- stack-trace -->
                </div> <!-- method-content -->
              </div> <!-- method -->
            </div> <!-- main-panel-content rounded-window-bottom -->
          </div> <!-- suite-Command_line_suite-class-failed -->
          <div class="suite-Command_line_suite-class-passed">
            <div class="main-panel-header rounded-window-top">
              <img src="passed.png"/>
              <span class="class-name">io.platform.project.tests.PrintSearchResultsTest</span>
            </div> <!-- main-panel-header rounded-window-top -->
            <div class="main-panel-content rounded-window-bottom">
              <div class="method">
                <div class="method-content">
                  <a name="printAllResultTitles">
                  </a> <!-- printAllResultTitles -->
                  <span class="method-name">printAllResultTitles</span>
                </div> <!-- method-content -->
              </div> <!-- method -->
            </div> <!-- main-panel-content rounded-window-bottom -->
          </div> <!-- suite-Command_line_suite-class-passed -->
          <div class="suite-Command_line_suite-class-passed">
            <div class="main-panel-header rounded-window-top">
              <img src="passed.png"/>
              <span class="class-name">io.platform.project.tests.LoginTest</span>
            </div> <!-- main-panel-header rounded-window-top -->
            <div class="main-panel-content rounded-window-bottom">
              <div class="method">
                <div class="method-content">
                  <a name="testLogin(lars@test.com, password)">
                  </a> <!-- testLogin(lars@test.com, password) -->
                  <span class="method-name">testLogin</span>
                  <span class="parameters">(lars@test.com, password)</span>
                </div> <!-- method-content -->
              </div> <!-- method -->
            </div> <!-- main-panel-content rounded-window-bottom -->
          </div> <!-- suite-Command_line_suite-class-passed -->
          <div class="suite-Command_line_suite-class-passed">
            <div class="main-panel-header rounded-window-top">
              <img src="passed.png"/>
              <span class="class-name">io.platform.project.tests.CatalogPageTest</span>
            </div> <!-- main-panel-header rounded-window-top -->
            <div class="main-panel-content rounded-window-bottom">
              <div class="method">
                <div class="method-content">
                  <a name="testGoToLoginPage">
                  </a> <!-- testGoToLoginPage -->
                  <span class="method-name">testGoToLoginPage</span>
                </div> <!-- method-content -->
              </div> <!-- method -->
              <div class="method">
                <div class="method-content">
                  <a name="testLoggedIn">
                  </a> <!-- testLoggedIn -->
                  <span class="method-name">testLoggedIn</span>
                </div> <!-- method-content -->
              </div> <!-- method -->
            </div> <!-- main-panel-content rounded-window-bottom -->
          </div> <!-- suite-Command_line_suite-class-passed -->
          <div class="suite-Command_line_suite-class-passed">
            <div class="main-panel-header rounded-window-top">
              <img src="passed.png"/>
              <span class="class-name">io.platform.project.tests.ForgotPasswordTest</span>
            </div> <!-- main-panel-header rounded-window-top -->
            <div class="main-panel-content rounded-window-bottom">
              <div class="method">
                <div class="method-content">
                  <a name="testForgotPasswordBackButton">
                  </a> <!-- testForgotPasswordBackButton -->
                  <span class="method-name">testForgotPasswordBackButton</span>
                </div> <!-- method-content -->
              </div> <!-- method -->
              <div class="method">
                <div class="method-content">
                  <a name="testForgotPasswordBadEmailAddress">
                  </a> <!-- testForgotPasswordBadEmailAddress -->
                  <span class="method-name">testForgotPasswordBadEmailAddress</span>
                </div> <!-- method-content -->
              </div> <!-- method -->
              <div class="method">
                <div class="method-content">
                  <a name="testForgotPasswordGoodEmailAddress">
                  </a> <!-- testForgotPasswordGoodEmailAddress -->
                  <span class="method-name">testForgotPasswordGoodEmailAddress</span>
                </div> <!-- method-content -->
              </div> <!-- method -->
              <div class="method">
                <div class="method-content">
                  <a name="testForgotPasswordGoodEmailAddressSecondRequest">
                  </a> <!-- testForgotPasswordGoodEmailAddressSecondRequest -->
                  <span class="method-name">testForgotPasswordGoodEmailAddressSecondRequest</span>
                </div> <!-- method-content -->
              </div> <!-- method -->
              <div class="method">
                <div class="method-content">
                  <a name="testForgotPasswordNoEmailAddress">
                  </a> <!-- testForgotPasswordNoEmailAddress -->
                  <span class="method-name">testForgotPasswordNoEmailAddress</span>
                </div> <!-- method-content -->
              </div> <!-- method -->
            </div> <!-- main-panel-content rounded-window-bottom -->
          </div> <!-- suite-Command_line_suite-class-passed -->
          <div class="suite-Command_line_suite-class-passed">
            <div class="main-panel-header rounded-window-top">
              <img src="passed.png"/>
              <span class="class-name">io.platform.project.tests.PlaceAndConfirmOrderTest</span>
            </div> <!-- main-panel-header rounded-window-top -->
            <div class="main-panel-content rounded-window-bottom">
              <div class="method">
                <div class="method-content">
                  <a name="test">
                  </a> <!-- test -->
                  <span class="method-name">test</span>
                </div> <!-- method-content -->
              </div> <!-- method -->
            </div> <!-- main-panel-content rounded-window-bottom -->
          </div> <!-- suite-Command_line_suite-class-passed -->
        </div> <!-- panel Command_line_suite -->
        <div panel-name="test-xml-Command_line_suite" class="panel">
          <div class="main-panel-header rounded-window-top">
          </div> <!-- main-panel-header rounded-window-top -->
          <div class="main-panel-content rounded-window-bottom">
            <pre>
&lt;?xml version=&quot;1.0&quot; encoding=&quot;UTF-8&quot;?&gt;
&lt;!DOCTYPE suite SYSTEM &quot;http://testng.org/testng-1.0.dtd&quot;&gt;
&lt;suite name=&quot;Command line suite&quot; verbose=&quot;0&quot;&gt;
  &lt;test name=&quot;Command line test&quot; preserve-order=&quot;false&quot;&gt;
    &lt;classes&gt;
      &lt;class name=&quot;io.platform.project.tests.CatalogPageTest&quot;/&gt;
      &lt;class name=&quot;io.platform.project.tests.ContactUsTest&quot;/&gt;
      &lt;class name=&quot;io.platform.project.tests.CreateNewAccountTest&quot;/&gt;
      &lt;class name=&quot;io.platform.project.tests.FailureTest&quot;/&gt;
      &lt;class name=&quot;io.platform.project.tests.ForgotPasswordTest&quot;/&gt;
      &lt;class name=&quot;io.platform.project.tests.LoginTest&quot;/&gt;
      &lt;class name=&quot;io.platform.project.tests.PlaceAndConfirmOrderTest&quot;/&gt;
      &lt;class name=&quot;io.platform.project.tests.PrintSearchResultsTest&quot;/&gt;
    &lt;/classes&gt;
  &lt;/test&gt; &lt;!-- Command line test --&gt;
&lt;/suite&gt; &lt;!-- Command line suite --&gt;
            </pre>
          </div> <!-- main-panel-content rounded-window-bottom -->
        </div> <!-- panel -->
        <div panel-name="testlist-Command_line_suite" class="panel">
          <div class="main-panel-header rounded-window-top">
            <span class="header-content">Tests for Command line suite</span>
          </div> <!-- main-panel-header rounded-window-top -->
          <div class="main-panel-content rounded-window-bottom">
            <ul>
              <li>
                <span class="test-name">Command line test (8 classes)</span>
              </li>
            </ul>
          </div> <!-- main-panel-content rounded-window-bottom -->
        </div> <!-- panel -->
        <div panel-name="group-Command_line_suite" class="panel">
          <div class="main-panel-header rounded-window-top">
            <span class="header-content">Groups for Command line suite</span>
          </div> <!-- main-panel-header rounded-window-top -->
          <div class="main-panel-content rounded-window-bottom">
          </div> <!-- main-panel-content rounded-window-bottom -->
        </div> <!-- panel -->
        <div panel-name="times-Command_line_suite" class="panel">
          <div class="main-panel-header rounded-window-top">
            <span class="header-content">Times for Command line suite</span>
          </div> <!-- main-panel-header rounded-window-top -->
          <div class="main-panel-content rounded-window-bottom">
            <div class="times-div">
              <script type="text/javascript">
suiteTableInitFunctions.push('tableData_Command_line_suite');
function tableData_Command_line_suite() {
var data = new google.visualization.DataTable();
data.addColumn('number', 'Number');
data.addColumn('string', 'Method');
data.addColumn('string', 'Class');
data.addColumn('number', 'Time (ms)');
data.addRows(21);
data.setCell(0, 0, 0)
data.setCell(0, 1, 'test')
data.setCell(0, 2, 'io.platform.project.tests.PlaceAndConfirmOrderTest')
data.setCell(0, 3, 14956);
data.setCell(1, 0, 1)
data.setCell(1, 1, 'printAllResultTitles')
data.setCell(1, 2, 'io.platform.project.tests.PrintSearchResultsTest')
data.setCell(1, 3, 7675);
data.setCell(2, 0, 2)
data.setCell(2, 1, 'test')
data.setCell(2, 2, 'io.platform.project.tests.CreateNewAccountTest')
data.setCell(2, 3, 7632);
data.setCell(3, 0, 3)
data.setCell(3, 1, 'testForgotPasswordGoodEmailAddress')
data.setCell(3, 2, 'io.platform.project.tests.ForgotPasswordTest')
data.setCell(3, 3, 7109);
data.setCell(4, 0, 4)
data.setCell(4, 1, 'testLogin')
data.setCell(4, 2, 'io.platform.project.tests.LoginTest')
data.setCell(4, 3, 5098);
data.setCell(5, 0, 5)
data.setCell(5, 1, 'testForgotPasswordGoodEmailAddressSecondRequest')
data.setCell(5, 2, 'io.platform.project.tests.ForgotPasswordTest')
data.setCell(5, 3, 5082);
data.setCell(6, 0, 6)
data.setCell(6, 1, 'testForgotPasswordBackButton')
data.setCell(6, 2, 'io.platform.project.tests.ForgotPasswordTest')
data.setCell(6, 3, 4821);
data.setCell(7, 0, 7)
data.setCell(7, 1, 'testForgotPasswordNoEmailAddress')
data.setCell(7, 2, 'io.platform.project.tests.ForgotPasswordTest')
data.setCell(7, 3, 4766);
data.setCell(8, 0, 8)
data.setCell(8, 1, 'testForgotPasswordBadEmailAddress')
data.setCell(8, 2, 'io.platform.project.tests.ForgotPasswordTest')
data.setCell(8, 3, 4694);
data.setCell(9, 0, 9)
data.setCell(9, 1, 'testLogOff')
data.setCell(9, 2, 'io.platform.project.tests.FailureTest')
data.setCell(9, 3, 4101);
data.setCell(10, 0, 10)
data.setCell(10, 1, 'testLogin')
data.setCell(10, 2, 'io.platform.project.tests.LoginTest')
data.setCell(10, 3, 2772);
data.setCell(11, 0, 11)
data.setCell(11, 1, 'testLogin')
data.setCell(11, 2, 'io.platform.project.tests.LoginTest')
data.setCell(11, 3, 2619);
data.setCell(12, 0, 12)
data.setCell(12, 1, 'testGoToLoginPage')
data.setCell(12, 2, 'io.platform.project.tests.CatalogPageTest')
data.setCell(12, 3, 2239);
data.setCell(13, 0, 13)
data.setCell(13, 1, 'contactUsTest')
data.setCell(13, 2, 'io.platform.project.tests.ContactUsTest')
data.setCell(13, 3, 597);
data.setCell(14, 0, 14)
data.setCell(14, 1, 'contactUsTest')
data.setCell(14, 2, 'io.platform.project.tests.ContactUsTest')
data.setCell(14, 3, 557);
data.setCell(15, 0, 15)
data.setCell(15, 1, 'testLoggedIn')
data.setCell(15, 2, 'io.platform.project.tests.CatalogPageTest')
data.setCell(15, 3, 239);
data.setCell(16, 0, 16)
data.setCell(16, 1, 'contactUsTest')
data.setCell(16, 2, 'io.platform.project.tests.ContactUsTest')
data.setCell(16, 3, 117);
data.setCell(17, 0, 17)
data.setCell(17, 1, 'contactUsTest')
data.setCell(17, 2, 'io.platform.project.tests.ContactUsTest')
data.setCell(17, 3, 113);
data.setCell(18, 0, 18)
data.setCell(18, 1, 'contactUsTest')
data.setCell(18, 2, 'io.platform.project.tests.ContactUsTest')
data.setCell(18, 3, 110);
data.setCell(19, 0, 19)
data.setCell(19, 1, 'contactUsTest')
data.setCell(19, 2, 'io.platform.project.tests.ContactUsTest')
data.setCell(19, 3, 84);
data.setCell(20, 0, 20)
data.setCell(20, 1, 'testPageHeader')
data.setCell(20, 2, 'io.platform.project.tests.CatalogPageTest')
data.setCell(20, 3, 77);
window.suiteTableData['Command_line_suite']= { tableData: data, tableDiv: 'times-div-Command_line_suite'}
return data;
}
              </script>
              <span class="suite-total-time">Total running time: 1 minutes</span>
              <div id="times-div-Command_line_suite">
              </div> <!-- times-div-Command_line_suite -->
            </div> <!-- times-div -->
          </div> <!-- main-panel-content rounded-window-bottom -->
        </div> <!-- panel -->
        <div panel-name="reporter-Command_line_suite" class="panel">
          <div class="main-panel-header rounded-window-top">
            <span class="header-content">Reporter output for Command line suite</span>
          </div> <!-- main-panel-header rounded-window-top -->
          <div class="main-panel-content rounded-window-bottom">
          </div> <!-- main-panel-content rounded-window-bottom -->
        </div> <!-- panel -->
        <div panel-name="ignored-methods-Command_line_suite" class="panel">
          <div class="main-panel-header rounded-window-top">
            <span class="header-content">0 ignored methods</span>
          </div> <!-- main-panel-header rounded-window-top -->
          <div class="main-panel-content rounded-window-bottom">
          </div> <!-- main-panel-content rounded-window-bottom -->
        </div> <!-- panel -->
        <div panel-name="chronological-Command_line_suite" class="panel">
          <div class="main-panel-header rounded-window-top">
            <span class="header-content">Methods in chronological order</span>
          </div> <!-- main-panel-header rounded-window-top -->
          <div class="main-panel-content rounded-window-bottom">
            <div class="chronological-class">
              <div class="chronological-class-name">io.platform.project.tests.CatalogPageTest</div> <!-- chronological-class-name -->
              <div class="configuration-test before">
                <span class="method-name">setup</span>
                <span class="method-start">0 ms</span>
              </div> <!-- configuration-test before -->
              <div class="test-method">
                <span class="method-name">testGoToLoginPage</span>
                <span class="method-start">4404 ms</span>
              </div> <!-- test-method -->
              <div class="test-method">
                <span class="method-name">testLoggedIn</span>
                <span class="method-start">6644 ms</span>
              </div> <!-- test-method -->
              <div class="test-method">
                <img src="failed.png">
                </img>
                <span class="method-name">testPageHeader</span>
                <span class="method-start">6883 ms</span>
              </div> <!-- test-method -->
            </div> <!-- chronological-class -->
            <div class="chronological-class">
              <div class="chronological-class-name">io.platform.project.tests.ContactUsTest</div> <!-- chronological-class-name -->
              <div class="configuration-method before">
                <span class="method-name">setUp</span>
                <span class="method-start">6964 ms</span>
              </div> <!-- configuration-method before -->
              <div class="test-method">
                <img src="failed.png">
                </img>
                <span class="method-name">contactUsTest(, , Howdy!)</span>
                <span class="method-start">10949 ms</span>
              </div> <!-- test-method -->
              <div class="configuration-method after">
                <span class="method-name">tearDown([TestResult name=contactUsTest status=FAILURE method=ContactUsTest.contactUsTest(java.lang.String, j...)</span>
                <span class="method-start">11034 ms</span>
              </div> <!-- configuration-method after -->
              <div class="configuration-method before">
                <span class="method-name">setUp</span>
                <span class="method-start">11536 ms</span>
              </div> <!-- configuration-method before -->
              <div class="test-method">
                <img src="failed.png">
                </img>
                <span class="method-name">contactUsTest(, lars@test.com, Howdy!)</span>
                <span class="method-start">15412 ms</span>
              </div> <!-- test-method -->
              <div class="configuration-method after">
                <span class="method-name">tearDown([TestResult name=contactUsTest status=FAILURE method=ContactUsTest.contactUsTest(java.lang.String, j...)</span>
                <span class="method-start">15969 ms</span>
              </div> <!-- configuration-method after -->
              <div class="configuration-method before">
                <span class="method-name">setUp</span>
                <span class="method-start">16339 ms</span>
              </div> <!-- configuration-method before -->
              <div class="test-method">
                <img src="failed.png">
                </img>
                <span class="method-name">contactUsTest(Lars Jones, , Howdy!)</span>
                <span class="method-start">20423 ms</span>
              </div> <!-- test-method -->
              <div class="configuration-method after">
                <span class="method-name">tearDown([TestResult name=contactUsTest status=FAILURE method=ContactUsTest.contactUsTest(java.lang.String, j...)</span>
                <span class="method-start">20534 ms</span>
              </div> <!-- configuration-method after -->
              <div class="configuration-method before">
                <span class="method-name">setUp</span>
                <span class="method-start">21033 ms</span>
              </div> <!-- configuration-method before -->
              <div class="test-method">
                <img src="failed.png">
                </img>
                <span class="method-name">contactUsTest(Lars Jones, lars@test, Howdy!)</span>
                <span class="method-start">24891 ms</span>
              </div> <!-- test-method -->
              <div class="configuration-method after">
                <span class="method-name">tearDown([TestResult name=contactUsTest status=FAILURE method=ContactUsTest.contactUsTest(java.lang.String, j...)</span>
                <span class="method-start">25008 ms</span>
              </div> <!-- configuration-method after -->
              <div class="configuration-method before">
                <span class="method-name">setUp</span>
                <span class="method-start">25469 ms</span>
              </div> <!-- configuration-method before -->
              <div class="test-method">
                <img src="failed.png">
                </img>
                <span class="method-name">contactUsTest(Lars Jones, @gmail.com, Howdy!)</span>
                <span class="method-start">29466 ms</span>
              </div> <!-- test-method -->
              <div class="configuration-method after">
                <span class="method-name">tearDown([TestResult name=contactUsTest status=FAILURE method=ContactUsTest.contactUsTest(java.lang.String, j...)</span>
                <span class="method-start">29580 ms</span>
              </div> <!-- configuration-method after -->
              <div class="configuration-method before">
                <span class="method-name">setUp</span>
                <span class="method-start">30102 ms</span>
              </div> <!-- configuration-method before -->
              <div class="test-method">
                <img src="failed.png">
                </img>
                <span class="method-name">contactUsTest(Lars Jonse, lars@test.com, Howdy!)</span>
                <span class="method-start">33856 ms</span>
              </div> <!-- test-method -->
              <div class="configuration-method after">
                <span class="method-name">tearDown([TestResult name=contactUsTest status=FAILURE method=ContactUsTest.contactUsTest(java.lang.String, j...)</span>
                <span class="method-start">34454 ms</span>
              </div> <!-- configuration-method after -->
            </div> <!-- chronological-class -->
            <div class="chronological-class">
              <div class="chronological-class-name">io.platform.project.tests.CreateNewAccountTest</div> <!-- chronological-class-name -->
              <div class="configuration-method before">
                <span class="method-name">setUp</span>
                <span class="method-start">34855 ms</span>
              </div> <!-- configuration-method before -->
              <div class="test-method">
                <img src="failed.png">
                </img>
                <span class="method-name">test</span>
                <span class="method-start">38838 ms</span>
              </div> <!-- test-method -->
              <div class="configuration-method after">
                <span class="method-name">tearDown</span>
                <span class="method-start">46470 ms</span>
              </div> <!-- configuration-method after -->
            </div> <!-- chronological-class -->
            <div class="chronological-class">
              <div class="chronological-class-name">io.platform.project.tests.FailureTest</div> <!-- chronological-class-name -->
              <div class="configuration-method before">
                <span class="method-name">setup</span>
                <span class="method-start">46528 ms</span>
              </div> <!-- configuration-method before -->
              <div class="test-method">
                <img src="failed.png">
                </img>
                <span class="method-name">testLogOff</span>
                <span class="method-start">50521 ms</span>
              </div> <!-- test-method -->
              <div class="configuration-method after">
                <span class="method-name">tearDown([TestResult name=testLogOff status=FAILURE method=FailureTest.testLogOff()[pri:0, instance:io.platfo...)</span>
                <span class="method-start">54623 ms</span>
              </div> <!-- configuration-method after -->
            </div> <!-- chronological-class -->
            <div class="chronological-class">
              <div class="chronological-class-name">io.platform.project.tests.ForgotPasswordTest</div> <!-- chronological-class-name -->
              <div class="configuration-method before">
                <span class="method-name">setUp</span>
                <span class="method-start">55017 ms</span>
              </div> <!-- configuration-method before -->
              <div class="test-method">
                <span class="method-name">testForgotPasswordBackButton</span>
                <span class="method-start">59201 ms</span>
              </div> <!-- test-method -->
              <div class="configuration-method after">
                <span class="method-name">tearDown([TestResult name=testForgotPasswordBackButton status=SUCCESS method=ForgotPasswordTest.testForgotPas...)</span>
                <span class="method-start">64022 ms</span>
              </div> <!-- configuration-method after -->
              <div class="configuration-method before">
                <span class="method-name">setUp</span>
                <span class="method-start">64067 ms</span>
              </div> <!-- configuration-method before -->
              <div class="test-method">
                <span class="method-name">testForgotPasswordBadEmailAddress</span>
                <span class="method-start">67961 ms</span>
              </div> <!-- test-method -->
              <div class="configuration-method after">
                <span class="method-name">tearDown([TestResult name=testForgotPasswordBadEmailAddress status=SUCCESS method=ForgotPasswordTest.testForg...)</span>
                <span class="method-start">72655 ms</span>
              </div> <!-- configuration-method after -->
              <div class="configuration-method before">
                <span class="method-name">setUp</span>
                <span class="method-start">72702 ms</span>
              </div> <!-- configuration-method before -->
              <div class="test-method">
                <span class="method-name">testForgotPasswordGoodEmailAddress</span>
                <span class="method-start">76812 ms</span>
              </div> <!-- test-method -->
              <div class="configuration-method after">
                <span class="method-name">tearDown([TestResult name=testForgotPasswordGoodEmailAddress status=SUCCESS method=ForgotPasswordTest.testFor...)</span>
                <span class="method-start">83921 ms</span>
              </div> <!-- configuration-method after -->
              <div class="configuration-method before">
                <span class="method-name">setUp</span>
                <span class="method-start">83968 ms</span>
              </div> <!-- configuration-method before -->
              <div class="test-method">
                <span class="method-name">testForgotPasswordGoodEmailAddressSecondRequest</span>
                <span class="method-start">88316 ms</span>
              </div> <!-- test-method -->
              <div class="configuration-method after">
                <span class="method-name">tearDown([TestResult name=testForgotPasswordGoodEmailAddressSecondRequest status=SUCCESS method=ForgotPasswor...)</span>
                <span class="method-start">93398 ms</span>
              </div> <!-- configuration-method after -->
              <div class="configuration-method before">
                <span class="method-name">setUp</span>
                <span class="method-start">93445 ms</span>
              </div> <!-- configuration-method before -->
              <div class="test-method">
                <span class="method-name">testForgotPasswordNoEmailAddress</span>
                <span class="method-start">97984 ms</span>
              </div> <!-- test-method -->
              <div class="configuration-method after">
                <span class="method-name">tearDown([TestResult name=testForgotPasswordNoEmailAddress status=SUCCESS method=ForgotPasswordTest.testForgo...)</span>
                <span class="method-start">102751 ms</span>
              </div> <!-- configuration-method after -->
            </div> <!-- chronological-class -->
            <div class="chronological-class">
              <div class="chronological-class-name">io.platform.project.tests.LoginTest</div> <!-- chronological-class-name -->
              <div class="configuration-method before">
                <span class="method-name">setUp</span>
                <span class="method-start">102797 ms</span>
              </div> <!-- configuration-method before -->
              <div class="test-method">
                <span class="method-name">testLogin(lars@test.com, password)</span>
                <span class="method-start">106870 ms</span>
              </div> <!-- test-method -->
              <div class="configuration-method after">
                <span class="method-name">tearDown([TestResult name=testLogin status=SUCCESS method=LoginTest.testLogin(java.lang.String, java.lang.Str...)</span>
                <span class="method-start">111968 ms</span>
              </div> <!-- configuration-method after -->
              <div class="configuration-method before">
                <span class="method-name">setUp</span>
                <span class="method-start">112016 ms</span>
              </div> <!-- configuration-method before -->
              <div class="test-method">
                <img src="failed.png">
                </img>
                <span class="method-name">testLogin(, )</span>
                <span class="method-start">116179 ms</span>
              </div> <!-- test-method -->
              <div class="configuration-method after">
                <span class="method-name">tearDown([TestResult name=testLogin status=FAILURE method=LoginTest.testLogin(java.lang.String, java.lang.Str...)</span>
                <span class="method-start">118799 ms</span>
              </div> <!-- configuration-method after -->
              <div class="configuration-method before">
                <span class="method-name">setUp</span>
                <span class="method-start">119147 ms</span>
              </div> <!-- configuration-method before -->
              <div class="test-method">
                <img src="failed.png">
                </img>
                <span class="method-name">testLogin(lars@test.com, incorrect)</span>
                <span class="method-start">123166 ms</span>
              </div> <!-- test-method -->
              <div class="configuration-method after">
                <span class="method-name">tearDown([TestResult name=testLogin status=FAILURE method=LoginTest.testLogin(java.lang.String, java.lang.Str...)</span>
                <span class="method-start">125938 ms</span>
              </div> <!-- configuration-method after -->
            </div> <!-- chronological-class -->
            <div class="chronological-class">
              <div class="chronological-class-name">io.platform.project.tests.PlaceAndConfirmOrderTest</div> <!-- chronological-class-name -->
              <div class="configuration-method before">
                <span class="method-name">setUp</span>
                <span class="method-start">126339 ms</span>
              </div> <!-- configuration-method before -->
              <div class="test-method">
                <span class="method-name">test</span>
                <span class="method-start">130336 ms</span>
              </div> <!-- test-method -->
              <div class="configuration-method after">
                <span class="method-name">tearDown([TestResult name=test status=SUCCESS method=PlaceAndConfirmOrderTest.test()[pri:0, instance:io.platf...)</span>
                <span class="method-start">145292 ms</span>
              </div> <!-- configuration-method after -->
            </div> <!-- chronological-class -->
            <div class="chronological-class">
              <div class="chronological-class-name">io.platform.project.tests.PrintSearchResultsTest</div> <!-- chronological-class-name -->
              <div class="configuration-method before">
                <span class="method-name">setUp</span>
                <span class="method-start">145347 ms</span>
              </div> <!-- configuration-method before -->
              <div class="test-method">
                <span class="method-name">printAllResultTitles</span>
                <span class="method-start">149217 ms</span>
              </div> <!-- test-method -->
              <div class="configuration-method after">
                <span class="method-name">tearDown([TestResult name=printAllResultTitles status=SUCCESS method=PrintSearchResultsTest.printAllResultTit...)</span>
                <span class="method-start">156892 ms</span>
              </div> <!-- configuration-method after -->
            </div> <!-- chronological-class -->
            <div class="chronological-class">
              <div class="chronological-class-name">io.platform.project.tests.CatalogPageTest</div> <!-- chronological-class-name -->
              <div class="configuration-test after">
                <span class="method-name">tearDown</span>
                <span class="method-start">156938 ms</span>
              </div> <!-- configuration-test after -->
          </div> <!-- main-panel-content rounded-window-bottom -->
        </div> <!-- panel -->
      </div> <!-- main-panel-root -->
    </div> <!-- wrapper -->
  </body>
</html>
